# JRE version: Java(TM) SE Runtime Environment (8.0_181-b13) (build 1.8.0_181-b13)
# Java VM: Java HotSpot(TM) 64-Bit Server VM (25.181-b13 mixed mode windows-amd64 compressed oops)
Heap:
 PSYoungGen      total 76288K, used 26354K [0x00000000d5580000, 0x00000000daa80000, 0x0000000100000000)
  eden space 65536K, 24% used [0x00000000d5580000,0x00000000d64e6e30,0x00000000d9580000)
  from space 10752K, 98% used [0x00000000d9580000,0x00000000d9fd5a10,0x00000000da000000)
  to   space 10752K, 0% used [0x00000000da000000,0x00000000da000000,0x00000000daa80000)
 ParOldGen       total 175104K, used 96K [0x0000000080000000, 0x000000008ab00000, 0x00000000d5580000)
  object space 175104K, 0% used [0x0000000080000000,0x0000000080018010,0x000000008ab00000)
 Metaspace       used 20093K, capacity 20290K, committed 20608K, reserved 1067008K
  class space    used 2249K, capacity 2329K, committed 2432K, reserved 1048576K
GC Heap History (6 events):
Event: 6.955 GC heap before
{Heap before GC invocations=1 (full 0):
 PSYoungGen      total 76288K, used 65536K [0x00000000d5580000, 0x00000000daa80000, 0x0000000100000000)
  eden space 65536K, 100% used [0x00000000d5580000,0x00000000d9580000,0x00000000d9580000)
  from space 10752K, 0% used [0x00000000da000000,0x00000000da000000,0x00000000daa80000)
  to   space 10752K, 0% used [0x00000000d9580000,0x00000000d9580000,0x00000000da000000)
 ParOldGen       total 175104K, used 0K [0x0000000080000000, 0x000000008ab00000, 0x00000000d5580000)
  object space 175104K, 0% used [0x0000000080000000,0x0000000080000000,0x000000008ab00000)
 Metaspace       used 9625K, capacity 9712K, committed 9856K, reserved 1058816K
  class space    used 1090K, capacity 1104K, committed 1152K, reserved 1048576K
Event: 7.008 GC heap after
Heap after GC invocations=1 (full 0):
 PSYoungGen      total 76288K, used 7831K [0x00000000d5580000, 0x00000000daa80000, 0x0000000100000000)
  eden space 65536K, 0% used [0x00000000d5580000,0x00000000d5580000,0x00000000d9580000)
  from space 10752K, 72% used [0x00000000d9580000,0x00000000d9d25c10,0x00000000da000000)
  to   space 10752K, 0% used [0x00000000da000000,0x00000000da000000,0x00000000daa80000)
 ParOldGen       total 175104K, used 8K [0x0000000080000000, 0x000000008ab00000, 0x00000000d5580000)
  object space 175104K, 0% used [0x0000000080000000,0x0000000080002000,0x000000008ab00000)
 Metaspace       used 9625K, capacity 9712K, committed 9856K, reserved 1058816K
  class space    used 1090K, capacity 1104K, committed 1152K, reserved 1048576K
}
Event: 9.900 GC heap before
{Heap before GC invocations=2 (full 0):
 PSYoungGen      total 76288K, used 73367K [0x00000000d5580000, 0x00000000daa80000, 0x0000000100000000)
  eden space 65536K, 100% used [0x00000000d5580000,0x00000000d9580000,0x00000000d9580000)
  from space 10752K, 72% used [0x00000000d9580000,0x00000000d9d25c10,0x00000000da000000)
  to   space 10752K, 0% used [0x00000000da000000,0x00000000da000000,0x00000000daa80000)
 ParOldGen       total 175104K, used 8K [0x0000000080000000, 0x000000008ab00000, 0x00000000d5580000)
  object space 175104K, 0% used [0x0000000080000000,0x0000000080002000,0x000000008ab00000)
 Metaspace       used 14592K, capacity 14752K, committed 14976K, reserved 1062912K
  class space    used 1521K, capacity 1566K, committed 1664K, reserved 1048576K
Event: 9.919 GC heap after
Heap after GC invocations=2 (full 0):
 PSYoungGen      total 76288K, used 8295K [0x00000000d5580000, 0x00000000daa80000, 0x0000000100000000)
  eden space 65536K, 0% used [0x00000000d5580000,0x00000000d5580000,0x00000000d9580000)
  from space 10752K, 77% used [0x00000000da000000,0x00000000da819da8,0x00000000daa80000)
  to   space 10752K, 0% used [0x00000000d9580000,0x00000000d9580000,0x00000000da000000)
 ParOldGen       total 175104K, used 24K [0x0000000080000000, 0x000000008ab00000, 0x00000000d5580000)
  object space 175104K, 0% used [0x0000000080000000,0x0000000080006000,0x000000008ab00000)
 Metaspace       used 14592K, capacity 14752K, committed 14976K, reserved 1062912K
  class space    used 1521K, capacity 1566K, committed 1664K, reserved 1048576K
}
Event: 13.339 GC heap before
{Heap before GC invocations=3 (full 0):
 PSYoungGen      total 76288K, used 73831K [0x00000000d5580000, 0x00000000daa80000, 0x0000000100000000)
  eden space 65536K, 100% used [0x00000000d5580000,0x00000000d9580000,0x00000000d9580000)
  from space 10752K, 77% used [0x00000000da000000,0x00000000da819da8,0x00000000daa80000)
  to   space 10752K, 0% used [0x00000000d9580000,0x00000000d9580000,0x00000000da000000)
 ParOldGen       total 175104K, used 24K [0x0000000080000000, 0x000000008ab00000, 0x00000000d5580000)
  object space 175104K, 0% used [0x0000000080000000,0x0000000080006000,0x000000008ab00000)
 Metaspace       used 19396K, capacity 19650K, committed 19968K, reserved 1067008K
  class space    used 2191K, capacity 2285K, committed 2304K, reserved 1048576K
Event: 13.392 GC heap after
Heap after GC invocations=3 (full 0):
 PSYoungGen      total 76288K, used 10582K [0x00000000d5580000, 0x00000000daa80000, 0x0000000100000000)
  eden space 65536K, 0% used [0x00000000d5580000,0x00000000d5580000,0x00000000d9580000)
  from space 10752K, 98% used [0x00000000d9580000,0x00000000d9fd5a10,0x00000000da000000)
  to   space 10752K, 0% used [0x00000000da000000,0x00000000da000000,0x00000000daa80000)
 ParOldGen       total 175104K, used 96K [0x0000000080000000, 0x000000008ab00000, 0x00000000d5580000)
  object space 175104K, 0% used [0x0000000080000000,0x0000000080018010,0x000000008ab00000)
 Metaspace       used 19396K, capacity 19650K, committed 19968K, reserved 1067008K
  class space    used 2191K, capacity 2285K, committed 2304K, reserved 1048576K
}

