# JRE version: Java(TM) SE Runtime Environment (8.0_181-b13) (build 1.8.0_181-b13)
# Java VM: Java HotSpot(TM) 64-Bit Server VM (25.181-b13 mixed mode windows-amd64 compressed oops)
Heap:
 PSYoungGen      total 76288K, used 60028K [0x00000000d5580000, 0x00000000daa80000, 0x0000000100000000)
  eden space 65536K, 75% used [0x00000000d5580000,0x00000000d85a45e8,0x00000000d9580000)
  from space 10752K, 99% used [0x00000000d9580000,0x00000000d9ffaa58,0x00000000da000000)
  to   space 10752K, 0% used [0x00000000da000000,0x00000000da000000,0x00000000daa80000)
 ParOldGen       total 175104K, used 2561K [0x0000000080000000, 0x000000008ab00000, 0x00000000d5580000)
  object space 175104K, 1% used [0x0000000080000000,0x00000000802804f8,0x000000008ab00000)
 Metaspace       used 20491K, capacity 20752K, committed 21120K, reserved 1069056K
  class space    used 2286K, capacity 2372K, committed 2432K, reserved 1048576K
GC Heap History (6 events):
Event: 3.989 GC heap before
{Heap before GC invocations=1 (full 0):
 PSYoungGen      total 76288K, used 65536K [0x00000000d5580000, 0x00000000daa80000, 0x0000000100000000)
  eden space 65536K, 100% used [0x00000000d5580000,0x00000000d9580000,0x00000000d9580000)
  from space 10752K, 0% used [0x00000000da000000,0x00000000da000000,0x00000000daa80000)
  to   space 10752K, 0% used [0x00000000d9580000,0x00000000d9580000,0x00000000da000000)
 ParOldGen       total 175104K, used 0K [0x0000000080000000, 0x000000008ab00000, 0x00000000d5580000)
  object space 175104K, 0% used [0x0000000080000000,0x0000000080000000,0x000000008ab00000)
 Metaspace       used 9642K, capacity 9744K, committed 9856K, reserved 1058816K
  class space    used 1091K, capacity 1136K, committed 1152K, reserved 1048576K
Event: 4.009 GC heap after
Heap after GC invocations=1 (full 0):
 PSYoungGen      total 76288K, used 7874K [0x00000000d5580000, 0x00000000daa80000, 0x0000000100000000)
  eden space 65536K, 0% used [0x00000000d5580000,0x00000000d5580000,0x00000000d9580000)
  from space 10752K, 73% used [0x00000000d9580000,0x00000000d9d30a70,0x00000000da000000)
  to   space 10752K, 0% used [0x00000000da000000,0x00000000da000000,0x00000000daa80000)
 ParOldGen       total 175104K, used 16K [0x0000000080000000, 0x000000008ab00000, 0x00000000d5580000)
  object space 175104K, 0% used [0x0000000080000000,0x0000000080004000,0x000000008ab00000)
 Metaspace       used 9642K, capacity 9744K, committed 9856K, reserved 1058816K
  class space    used 1091K, capacity 1136K, committed 1152K, reserved 1048576K
}
Event: 5.556 GC heap before
{Heap before GC invocations=2 (full 0):
 PSYoungGen      total 76288K, used 73410K [0x00000000d5580000, 0x00000000daa80000, 0x0000000100000000)
  eden space 65536K, 100% used [0x00000000d5580000,0x00000000d9580000,0x00000000d9580000)
  from space 10752K, 73% used [0x00000000d9580000,0x00000000d9d30a70,0x00000000da000000)
  to   space 10752K, 0% used [0x00000000da000000,0x00000000da000000,0x00000000daa80000)
 ParOldGen       total 175104K, used 16K [0x0000000080000000, 0x000000008ab00000, 0x00000000d5580000)
  object space 175104K, 0% used [0x0000000080000000,0x0000000080004000,0x000000008ab00000)
 Metaspace       used 14603K, capacity 14758K, committed 14976K, reserved 1062912K
  class space    used 1524K, capacity 1569K, committed 1664K, reserved 1048576K
Event: 5.568 GC heap after
Heap after GC invocations=2 (full 0):
 PSYoungGen      total 76288K, used 8233K [0x00000000d5580000, 0x00000000daa80000, 0x0000000100000000)
  eden space 65536K, 0% used [0x00000000d5580000,0x00000000d5580000,0x00000000d9580000)
  from space 10752K, 76% used [0x00000000da000000,0x00000000da80a738,0x00000000daa80000)
  to   space 10752K, 0% used [0x00000000d9580000,0x00000000d9580000,0x00000000da000000)
 ParOldGen       total 175104K, used 24K [0x0000000080000000, 0x000000008ab00000, 0x00000000d5580000)
  object space 175104K, 0% used [0x0000000080000000,0x0000000080006000,0x000000008ab00000)
 Metaspace       used 14603K, capacity 14758K, committed 14976K, reserved 1062912K
  class space    used 1524K, capacity 1569K, committed 1664K, reserved 1048576K
}
Event: 7.576 GC heap before
{Heap before GC invocations=3 (full 0):
 PSYoungGen      total 76288K, used 73769K [0x00000000d5580000, 0x00000000daa80000, 0x0000000100000000)
  eden space 65536K, 100% used [0x00000000d5580000,0x00000000d9580000,0x00000000d9580000)
  from space 10752K, 76% used [0x00000000da000000,0x00000000da80a738,0x00000000daa80000)
  to   space 10752K, 0% used [0x00000000d9580000,0x00000000d9580000,0x00000000da000000)
 ParOldGen       total 175104K, used 24K [0x0000000080000000, 0x000000008ab00000, 0x00000000d5580000)
  object space 175104K, 0% used [0x0000000080000000,0x0000000080006000,0x000000008ab00000)
 Metaspace       used 19518K, capacity 19784K, committed 19968K, reserved 1067008K
  class space    used 2205K, capacity 2287K, committed 2304K, reserved 1048576K
Event: 7.608 GC heap after
Heap after GC invocations=3 (full 0):
 PSYoungGen      total 76288K, used 10730K [0x00000000d5580000, 0x00000000daa80000, 0x0000000100000000)
  eden space 65536K, 0% used [0x00000000d5580000,0x00000000d5580000,0x00000000d9580000)
  from space 10752K, 99% used [0x00000000d9580000,0x00000000d9ffaa58,0x00000000da000000)
  to   space 10752K, 0% used [0x00000000da000000,0x00000000da000000,0x00000000daa80000)
 ParOldGen       total 175104K, used 2561K [0x0000000080000000, 0x000000008ab00000, 0x00000000d5580000)
  object space 175104K, 1% used [0x0000000080000000,0x00000000802804f8,0x000000008ab00000)
 Metaspace       used 19518K, capacity 19784K, committed 19968K, reserved 1067008K
  class space    used 2205K, capacity 2287K, committed 2304K, reserved 1048576K
}

