<?xml version="1.0" encoding="UTF-8"?>
<testsuites name="Canine_TestSuite" time="248.79" tests="8" failures="0" errors="0">
   <testsuite name="Canine_TestSuite" tests="8" failures="0" errors="0" time="248.79" timestamp="2020-05-08 14:17:59" hostname="radhakrishnang2 - NCI-02150368-L.nci.nih.gov" id="Test Suites/Canine_TestSuite">
      <properties>
[...]
</properties>
      <testcase name="Test Cases/Study/TC01_Canine_Filter_Study-COTB" time="55.101" classname="Test Cases/Study/TC01_Canine_Filter_Study-COTB" status="PASSED">
         <system-out><![CDATA[2020-05-08 14:17:59 - [TEST_CASE][PASSED] - Test Cases/Study/TC01_Canine_Filter_Study-COTB: Test Cases/Study/TC01_Canine_Filter_Study-COTB

2020-05-08 14:18:01 - [TEST_STEP][PASSED] - openBrowser(""): Browser is opened with url: ''

2020-05-08 14:18:02 - [MESSAGE][INFO] - Starting 'Firefox (headless)' driver

2020-05-08 14:18:02 - [MESSAGE][INFO] - Action delay is set to 0 seconds

2020-05-08 14:18:10 - [MESSAGE][PASSED] - Browser is opened with url: ''

2020-05-08 14:18:10 - [TEST_STEP][PASSED] - ctdc.utilities.runtestcaseforKatalon.browserDriver(""): ctdc.utilities.runtestcaseforKatalon.browserDriver is PASSED

2020-05-08 14:18:10 - [MESSAGE][PASSED] - ctdc.utilities.runtestcaseforKatalon.browserDriver is PASSED

2020-05-08 14:18:10 - [TEST_STEP][PASSED] - ctdc.utilities.runtestcaseforKatalon.RunKatalon("TC01_Canine_Filter_Study-COTB.xlsx"): Data loaded from input file for the test case. 

2020-05-08 14:18:10 - [MESSAGE][PASSED] - Test case file loaded This is the full filepath after converting to string :C:\Users\radhakrishnang2\Desktop\DataCommons_Automation\ICDC_Automation\InputFiles\TC01_Canine_Filter_Study-COTB.xlsx

2020-05-08 14:18:11 - [MESSAGE][INFO] - Global variable set for password file is :  C:\Users\radhakrishnang2\Desktop\DataCommons_Automation\ICDC_Automation\InputFiles\TC01_Canine_Filter_Study-COTB.xlsx

2020-05-08 14:18:12 - [MESSAGE][PASSED] - Data loaded from input file for the test case. 

2020-05-08 14:18:16 - [TEST_STEP][PASSED] - click(findTestObject("Object Repository/Canine/Canine_Cases_Btn")): Object: 'Object Repository/Canine/Canine_Cases_Btn' is clicked on

2020-05-08 14:18:16 - [MESSAGE][PASSED] - Object: 'Object Repository/Canine/Canine_Cases_Btn' is clicked on

2020-05-08 14:18:16 - [TEST_STEP][PASSED] - click(findTestObject("Canine/Filter/Study/Canine_Filter_Study")): Object: 'Object Repository/Canine/Filter/Study/Canine_Filter_Study' is clicked on

2020-05-08 14:18:20 - [MESSAGE][PASSED] - Object: 'Object Repository/Canine/Filter/Study/Canine_Filter_Study' is clicked on

2020-05-08 14:18:20 - [TEST_STEP][PASSED] - click(findTestObject("Canine/Filter/Study/Canine_Filter_Study-COTB_Chkbx")): Object: 'Object Repository/Canine/Filter/Study/Canine_Filter_Study-COTB_Chkbx' is clicked on

2020-05-08 14:18:20 - [MESSAGE][PASSED] - Object: 'Object Repository/Canine/Filter/Study/Canine_Filter_Study-COTB_Chkbx' is clicked on

2020-05-08 14:18:20 - [TEST_STEP][PASSED] - ctdc.utilities.runtestcaseforKatalon.ReadCasesTableKatalon("Object Repository/Canine/Canine_CasesTable", "Object Repository/Canine/Canine_TableHeader", "Object Repository/Canine/Canine_NextBtn"): ctdc.utilities.runtestcaseforKatalon.ReadCasesTableKatalon is PASSED

2020-05-08 14:18:47 - [MESSAGE][PASSED] - ctdc.utilities.runtestcaseforKatalon.ReadCasesTableKatalon is PASSED

2020-05-08 14:18:47 - [TEST_STEP][PASSED] - ctdc.utilities.ReadExcel.Neo4j(): ctdc.utilities.ReadExcel.Neo4j is PASSED

2020-05-08 14:18:52 - [MESSAGE][PASSED] - ctdc.utilities.ReadExcel.Neo4j is PASSED

2020-05-08 14:18:52 - [TEST_STEP][PASSED] - ctdc.utilities.runtestcaseforKatalon.compareLists(): ctdc.utilities.runtestcaseforKatalon.compareLists is PASSED

2020-05-08 14:18:52 - [MESSAGE][PASSED] - ctdc.utilities.runtestcaseforKatalon.compareLists is PASSED

2020-05-08 14:18:54 - [TEST_STEP][PASSED] - Video: Video recording for test case 'Test Cases/Study/TC01_Canine_Filter_Study-COTB' .

2020-05-08 14:18:54 - [MESSAGE][INFO] - Video recording for test case 'Test Cases/Study/TC01_Canine_Filter_Study-COTB' .
[[ATTACHMENT|C:\\Users\\radhakrishnang2\\Desktop\\DataCommons_Automation\\ICDC_Automation\\Reports\\20200508_141752\\Canine_TestSuite\\20200508_141752/videos\\test_1.avi]]]]></system-out>
         <system-err><![CDATA[]]></system-err>
      </testcase>
      <testcase name="Test Cases/Study/TC02_Canine_Filter_Study-NCATS" time="27.683" classname="Test Cases/Study/TC02_Canine_Filter_Study-NCATS" status="PASSED">
         <system-out><![CDATA[2020-05-08 14:18:54 - [TEST_CASE][PASSED] - Test Cases/Study/TC02_Canine_Filter_Study-NCATS: Test Cases/Study/TC02_Canine_Filter_Study-NCATS

2020-05-08 14:18:55 - [TEST_STEP][PASSED] - openBrowser(""): Browser is opened with url: ''

2020-05-08 14:18:55 - [MESSAGE][WARNING] - A browser is already opened. Closing browser and opening a new one

2020-05-08 14:18:56 - [MESSAGE][INFO] - Starting 'Firefox (headless)' driver

2020-05-08 14:18:58 - [MESSAGE][PASSED] - Browser is opened with url: ''

2020-05-08 14:18:58 - [TEST_STEP][PASSED] - ctdc.utilities.runtestcaseforKatalon.browserDriver(""): ctdc.utilities.runtestcaseforKatalon.browserDriver is PASSED

2020-05-08 14:18:58 - [MESSAGE][PASSED] - ctdc.utilities.runtestcaseforKatalon.browserDriver is PASSED

2020-05-08 14:18:58 - [TEST_STEP][PASSED] - ctdc.utilities.runtestcaseforKatalon.RunKatalon("TC02_Canine_Filter_Study-NCATS.xlsx"): Data loaded from input file for the test case. 

2020-05-08 14:18:58 - [MESSAGE][PASSED] - Test case file loaded This is the full filepath after converting to string :C:\Users\radhakrishnang2\Desktop\DataCommons_Automation\ICDC_Automation\InputFiles\TC02_Canine_Filter_Study-NCATS.xlsx

2020-05-08 14:18:58 - [MESSAGE][INFO] - Global variable set for password file is :  C:\Users\radhakrishnang2\Desktop\DataCommons_Automation\ICDC_Automation\InputFiles\TC02_Canine_Filter_Study-NCATS.xlsx

2020-05-08 14:18:59 - [MESSAGE][PASSED] - Data loaded from input file for the test case. 

2020-05-08 14:19:03 - [TEST_STEP][PASSED] - click(findTestObject("Object Repository/Canine/Canine_Cases_Btn")): Object: 'Object Repository/Canine/Canine_Cases_Btn' is clicked on

2020-05-08 14:19:03 - [MESSAGE][PASSED] - Object: 'Object Repository/Canine/Canine_Cases_Btn' is clicked on

2020-05-08 14:19:03 - [TEST_STEP][PASSED] - click(findTestObject("Canine/Filter/Study/Canine_Filter_Study")): Object: 'Object Repository/Canine/Filter/Study/Canine_Filter_Study' is clicked on

2020-05-08 14:19:05 - [MESSAGE][PASSED] - Object: 'Object Repository/Canine/Filter/Study/Canine_Filter_Study' is clicked on

2020-05-08 14:19:05 - [TEST_STEP][PASSED] - click(findTestObject("Canine/Filter/Study/Canine_Filter_Study-NCATS_Chkbx")): Object: 'Object Repository/Canine/Filter/Study/Canine_Filter_Study-NCATS_Chkbx' is clicked on

2020-05-08 14:19:05 - [MESSAGE][PASSED] - Object: 'Object Repository/Canine/Filter/Study/Canine_Filter_Study-NCATS_Chkbx' is clicked on

2020-05-08 14:19:05 - [TEST_STEP][PASSED] - ctdc.utilities.runtestcaseforKatalon.ReadCasesTableKatalon("Object Repository/Canine/Canine_CasesTable", "Object Repository/Canine/Canine_TableHeader", "Object Repository/Canine/Canine_NextBtn"): ctdc.utilities.runtestcaseforKatalon.ReadCasesTableKatalon is PASSED

2020-05-08 14:19:16 - [MESSAGE][PASSED] - ctdc.utilities.runtestcaseforKatalon.ReadCasesTableKatalon is PASSED

2020-05-08 14:19:16 - [TEST_STEP][PASSED] - ctdc.utilities.ReadExcel.Neo4j(): ctdc.utilities.ReadExcel.Neo4j is PASSED

2020-05-08 14:19:20 - [MESSAGE][PASSED] - ctdc.utilities.ReadExcel.Neo4j is PASSED

2020-05-08 14:19:20 - [TEST_STEP][PASSED] - ctdc.utilities.runtestcaseforKatalon.compareLists(): ctdc.utilities.runtestcaseforKatalon.compareLists is PASSED

2020-05-08 14:19:20 - [MESSAGE][PASSED] - ctdc.utilities.runtestcaseforKatalon.compareLists is PASSED

2020-05-08 14:19:22 - [TEST_STEP][PASSED] - Video: Video recording for test case 'Test Cases/Study/TC02_Canine_Filter_Study-NCATS' .

2020-05-08 14:19:22 - [MESSAGE][INFO] - Video recording for test case 'Test Cases/Study/TC02_Canine_Filter_Study-NCATS' .
[[ATTACHMENT|C:\\Users\\radhakrishnang2\\Desktop\\DataCommons_Automation\\ICDC_Automation\\Reports\\20200508_141752\\Canine_TestSuite\\20200508_141752/videos\\test_2.avi]]]]></system-out>
         <system-err><![CDATA[]]></system-err>
      </testcase>
      <testcase name="Test Cases/Study/TC03_Canine_Filter_Study-ALL" time="42.217" classname="Test Cases/Study/TC03_Canine_Filter_Study-ALL" status="PASSED">
         <system-out><![CDATA[2020-05-08 14:19:22 - [TEST_CASE][PASSED] - Test Cases/Study/TC03_Canine_Filter_Study-ALL: Test Cases/Study/TC03_Canine_Filter_Study-ALL

2020-05-08 14:19:22 - [TEST_STEP][PASSED] - openBrowser(""): Browser is opened with url: ''

2020-05-08 14:19:22 - [MESSAGE][WARNING] - A browser is already opened. Closing browser and opening a new one

2020-05-08 14:19:24 - [MESSAGE][INFO] - Starting 'Firefox (headless)' driver

2020-05-08 14:19:26 - [MESSAGE][PASSED] - Browser is opened with url: ''

2020-05-08 14:19:26 - [TEST_STEP][PASSED] - ctdc.utilities.runtestcaseforKatalon.browserDriver(""): ctdc.utilities.runtestcaseforKatalon.browserDriver is PASSED

2020-05-08 14:19:26 - [MESSAGE][PASSED] - ctdc.utilities.runtestcaseforKatalon.browserDriver is PASSED

2020-05-08 14:19:26 - [TEST_STEP][PASSED] - ctdc.utilities.runtestcaseforKatalon.RunKatalon("TC03_Canine_Filter_Study-ALL.xlsx"): Data loaded from input file for the test case. 

2020-05-08 14:19:26 - [MESSAGE][PASSED] - Test case file loaded This is the full filepath after converting to string :C:\Users\radhakrishnang2\Desktop\DataCommons_Automation\ICDC_Automation\InputFiles\TC03_Canine_Filter_Study-ALL.xlsx

2020-05-08 14:19:26 - [MESSAGE][INFO] - Global variable set for password file is :  C:\Users\radhakrishnang2\Desktop\DataCommons_Automation\ICDC_Automation\InputFiles\TC03_Canine_Filter_Study-ALL.xlsx

2020-05-08 14:19:26 - [MESSAGE][PASSED] - Data loaded from input file for the test case. 

2020-05-08 14:19:30 - [TEST_STEP][PASSED] - click(findTestObject("Object Repository/Canine/Canine_Cases_Btn")): Object: 'Object Repository/Canine/Canine_Cases_Btn' is clicked on

2020-05-08 14:19:30 - [MESSAGE][PASSED] - Object: 'Object Repository/Canine/Canine_Cases_Btn' is clicked on

2020-05-08 14:19:30 - [TEST_STEP][PASSED] - click(findTestObject("Canine/Filter/Study/Canine_Filter_Study")): Object: 'Object Repository/Canine/Filter/Study/Canine_Filter_Study' is clicked on

2020-05-08 14:19:32 - [MESSAGE][PASSED] - Object: 'Object Repository/Canine/Filter/Study/Canine_Filter_Study' is clicked on

2020-05-08 14:19:32 - [TEST_STEP][PASSED] - click(findTestObject("Canine/Filter/Study/Canine_Filter_Study-COTB_Chkbx")): Object: 'Object Repository/Canine/Filter/Study/Canine_Filter_Study-COTB_Chkbx' is clicked on

2020-05-08 14:19:32 - [MESSAGE][PASSED] - Object: 'Object Repository/Canine/Filter/Study/Canine_Filter_Study-COTB_Chkbx' is clicked on

2020-05-08 14:19:32 - [TEST_STEP][PASSED] - click(findTestObject("Canine/Filter/Study/Canine_Filter_Study-NCATS_Chkbx")): Object: 'Object Repository/Canine/Filter/Study/Canine_Filter_Study-NCATS_Chkbx' is clicked on

2020-05-08 14:19:33 - [MESSAGE][PASSED] - Object: 'Object Repository/Canine/Filter/Study/Canine_Filter_Study-NCATS_Chkbx' is clicked on

2020-05-08 14:19:33 - [TEST_STEP][PASSED] - ctdc.utilities.runtestcaseforKatalon.ReadCasesTableKatalon("Object Repository/Canine/Canine_CasesTable", "Object Repository/Canine/Canine_TableHeader", "Object Repository/Canine/Canine_NextBtn"): ctdc.utilities.runtestcaseforKatalon.ReadCasesTableKatalon is PASSED

2020-05-08 14:19:59 - [MESSAGE][PASSED] - ctdc.utilities.runtestcaseforKatalon.ReadCasesTableKatalon is PASSED

2020-05-08 14:19:59 - [TEST_STEP][PASSED] - ctdc.utilities.ReadExcel.Neo4j(): ctdc.utilities.ReadExcel.Neo4j is PASSED

2020-05-08 14:20:02 - [MESSAGE][PASSED] - ctdc.utilities.ReadExcel.Neo4j is PASSED

2020-05-08 14:20:02 - [TEST_STEP][PASSED] - ctdc.utilities.runtestcaseforKatalon.compareLists(): ctdc.utilities.runtestcaseforKatalon.compareLists is PASSED

2020-05-08 14:20:02 - [MESSAGE][PASSED] - ctdc.utilities.runtestcaseforKatalon.compareLists is PASSED

2020-05-08 14:20:04 - [TEST_STEP][PASSED] - Video: Video recording for test case 'Test Cases/Study/TC03_Canine_Filter_Study-ALL' .

2020-05-08 14:20:04 - [MESSAGE][INFO] - Video recording for test case 'Test Cases/Study/TC03_Canine_Filter_Study-ALL' .
[[ATTACHMENT|C:\\Users\\radhakrishnang2\\Desktop\\DataCommons_Automation\\ICDC_Automation\\Reports\\20200508_141752\\Canine_TestSuite\\20200508_141752/videos\\test_3.avi]]]]></system-out>
         <system-err><![CDATA[]]></system-err>
      </testcase>
      <testcase name="Test Cases/StudyType/TC01_Canine_Filter_StudyType-ClinicalTrial" time="31.377" classname="Test Cases/StudyType/TC01_Canine_Filter_StudyType-ClinicalTrial" status="PASSED">
         <system-out><![CDATA[2020-05-08 14:20:04 - [TEST_CASE][PASSED] - Test Cases/StudyType/TC01_Canine_Filter_StudyType-ClinicalTrial: Test Cases/StudyType/TC01_Canine_Filter_StudyType-ClinicalTrial

2020-05-08 14:20:05 - [TEST_STEP][PASSED] - openBrowser(""): Browser is opened with url: ''

2020-05-08 14:20:05 - [MESSAGE][WARNING] - A browser is already opened. Closing browser and opening a new one

2020-05-08 14:20:06 - [MESSAGE][INFO] - Starting 'Firefox (headless)' driver

2020-05-08 14:20:08 - [MESSAGE][PASSED] - Browser is opened with url: ''

2020-05-08 14:20:08 - [TEST_STEP][PASSED] - ctdc.utilities.runtestcaseforKatalon.browserDriver(""): ctdc.utilities.runtestcaseforKatalon.browserDriver is PASSED

2020-05-08 14:20:08 - [MESSAGE][PASSED] - ctdc.utilities.runtestcaseforKatalon.browserDriver is PASSED

2020-05-08 14:20:08 - [TEST_STEP][PASSED] - ctdc.utilities.runtestcaseforKatalon.RunKatalon("TC01_Canine_Filter_StudyType-ClinicalTrial.xlsx"): Data loaded from input file for the test case. 

2020-05-08 14:20:08 - [MESSAGE][PASSED] - Test case file loaded This is the full filepath after converting to string :C:\Users\radhakrishnang2\Desktop\DataCommons_Automation\ICDC_Automation\InputFiles\TC01_Canine_Filter_StudyType-ClinicalTrial.xlsx

2020-05-08 14:20:08 - [MESSAGE][INFO] - Global variable set for password file is :  C:\Users\radhakrishnang2\Desktop\DataCommons_Automation\ICDC_Automation\InputFiles\TC01_Canine_Filter_StudyType-ClinicalTrial.xlsx

2020-05-08 14:20:08 - [MESSAGE][PASSED] - Data loaded from input file for the test case. 

2020-05-08 14:20:11 - [TEST_STEP][PASSED] - click(findTestObject("Object Repository/Canine/Canine_Cases_Btn")): Object: 'Object Repository/Canine/Canine_Cases_Btn' is clicked on

2020-05-08 14:20:11 - [MESSAGE][PASSED] - Object: 'Object Repository/Canine/Canine_Cases_Btn' is clicked on

2020-05-08 14:20:11 - [TEST_STEP][PASSED] - click(findTestObject("Canine/Filter/StudyType/Canine_Filter_StudyType")): Object: 'Object Repository/Canine/Filter/StudyType/Canine_Filter_StudyType' is clicked on

2020-05-08 14:20:13 - [MESSAGE][PASSED] - Object: 'Object Repository/Canine/Filter/StudyType/Canine_Filter_StudyType' is clicked on

2020-05-08 14:20:13 - [TEST_STEP][PASSED] - click(findTestObject("Canine/Filter/StudyType/Canine_Filter_StudyType-ClinTrials_Chkbx")): Object: 'Object Repository/Canine/Filter/StudyType/Canine_Filter_StudyType-ClinTrials_Chkbx' is clicked on

2020-05-08 14:20:14 - [MESSAGE][PASSED] - Object: 'Object Repository/Canine/Filter/StudyType/Canine_Filter_StudyType-ClinTrials_Chkbx' is clicked on

2020-05-08 14:20:14 - [TEST_STEP][PASSED] - ctdc.utilities.runtestcaseforKatalon.ReadCasesTableKatalon("Object Repository/Canine/Canine_CasesTable", "Object Repository/Canine/Canine_TableHeader", "Object Repository/Canine/Canine_NextBtn"): ctdc.utilities.runtestcaseforKatalon.ReadCasesTableKatalon is PASSED

2020-05-08 14:20:30 - [MESSAGE][PASSED] - ctdc.utilities.runtestcaseforKatalon.ReadCasesTableKatalon is PASSED

2020-05-08 14:20:30 - [TEST_STEP][PASSED] - ctdc.utilities.ReadExcel.Neo4j(): ctdc.utilities.ReadExcel.Neo4j is PASSED

2020-05-08 14:20:33 - [MESSAGE][PASSED] - ctdc.utilities.ReadExcel.Neo4j is PASSED

2020-05-08 14:20:33 - [TEST_STEP][PASSED] - ctdc.utilities.runtestcaseforKatalon.compareLists(): ctdc.utilities.runtestcaseforKatalon.compareLists is PASSED

2020-05-08 14:20:34 - [MESSAGE][PASSED] - ctdc.utilities.runtestcaseforKatalon.compareLists is PASSED

2020-05-08 14:20:36 - [TEST_STEP][PASSED] - Video: Video recording for test case 'Test Cases/StudyType/TC01_Canine_Filter_StudyType-ClinicalTrial' .

2020-05-08 14:20:36 - [MESSAGE][INFO] - Video recording for test case 'Test Cases/StudyType/TC01_Canine_Filter_StudyType-ClinicalTrial' .
[[ATTACHMENT|C:\\Users\\radhakrishnang2\\Desktop\\DataCommons_Automation\\ICDC_Automation\\Reports\\20200508_141752\\Canine_TestSuite\\20200508_141752/videos\\test_4.avi]]]]></system-out>
         <system-err><![CDATA[]]></system-err>
      </testcase>
      <testcase name="Test Cases/StudyType/TC02_Canine_Filter_StudyType-Transcriptomics" time="31.056" classname="Test Cases/StudyType/TC02_Canine_Filter_StudyType-Transcriptomics" status="PASSED">
         <system-out><![CDATA[2020-05-08 14:20:36 - [TEST_CASE][PASSED] - Test Cases/StudyType/TC02_Canine_Filter_StudyType-Transcriptomics: Test Cases/StudyType/TC02_Canine_Filter_StudyType-Transcriptomics

2020-05-08 14:20:36 - [TEST_STEP][PASSED] - openBrowser(""): Browser is opened with url: ''

2020-05-08 14:20:36 - [MESSAGE][WARNING] - A browser is already opened. Closing browser and opening a new one

2020-05-08 14:20:37 - [MESSAGE][INFO] - Starting 'Firefox (headless)' driver

2020-05-08 14:20:40 - [MESSAGE][PASSED] - Browser is opened with url: ''

2020-05-08 14:20:40 - [TEST_STEP][PASSED] - ctdc.utilities.runtestcaseforKatalon.browserDriver(""): ctdc.utilities.runtestcaseforKatalon.browserDriver is PASSED

2020-05-08 14:20:40 - [MESSAGE][PASSED] - ctdc.utilities.runtestcaseforKatalon.browserDriver is PASSED

2020-05-08 14:20:40 - [TEST_STEP][PASSED] - ctdc.utilities.runtestcaseforKatalon.RunKatalon("TC02_Canine_Filter_StudyType-Transcriptomics.xlsx"): Data loaded from input file for the test case. 

2020-05-08 14:20:40 - [MESSAGE][PASSED] - Test case file loaded This is the full filepath after converting to string :C:\Users\radhakrishnang2\Desktop\DataCommons_Automation\ICDC_Automation\InputFiles\TC02_Canine_Filter_StudyType-Transcriptomics.xlsx

2020-05-08 14:20:40 - [MESSAGE][INFO] - Global variable set for password file is :  C:\Users\radhakrishnang2\Desktop\DataCommons_Automation\ICDC_Automation\InputFiles\TC02_Canine_Filter_StudyType-Transcriptomics.xlsx

2020-05-08 14:20:40 - [MESSAGE][PASSED] - Data loaded from input file for the test case. 

2020-05-08 14:20:43 - [TEST_STEP][PASSED] - click(findTestObject("Object Repository/Canine/Canine_Cases_Btn")): Object: 'Object Repository/Canine/Canine_Cases_Btn' is clicked on

2020-05-08 14:20:44 - [MESSAGE][PASSED] - Object: 'Object Repository/Canine/Canine_Cases_Btn' is clicked on

2020-05-08 14:20:44 - [TEST_STEP][PASSED] - click(findTestObject("Canine/Filter/StudyType/Canine_Filter_StudyType")): Object: 'Object Repository/Canine/Filter/StudyType/Canine_Filter_StudyType' is clicked on

2020-05-08 14:20:46 - [MESSAGE][PASSED] - Object: 'Object Repository/Canine/Filter/StudyType/Canine_Filter_StudyType' is clicked on

2020-05-08 14:20:46 - [TEST_STEP][PASSED] - click(findTestObject("Canine/Filter/StudyType/Canine_Filter_StudyType-ClinTrials_Chkbx")): Object: 'Object Repository/Canine/Filter/StudyType/Canine_Filter_StudyType-ClinTrials_Chkbx' is clicked on

2020-05-08 14:20:46 - [MESSAGE][PASSED] - Object: 'Object Repository/Canine/Filter/StudyType/Canine_Filter_StudyType-ClinTrials_Chkbx' is clicked on

2020-05-08 14:20:46 - [TEST_STEP][PASSED] - ctdc.utilities.runtestcaseforKatalon.ReadCasesTableKatalon("Object Repository/Canine/Canine_CasesTable", "Object Repository/Canine/Canine_TableHeader", "Object Repository/Canine/Canine_NextBtn"): ctdc.utilities.runtestcaseforKatalon.ReadCasesTableKatalon is PASSED

2020-05-08 14:21:01 - [MESSAGE][PASSED] - ctdc.utilities.runtestcaseforKatalon.ReadCasesTableKatalon is PASSED

2020-05-08 14:21:01 - [TEST_STEP][PASSED] - ctdc.utilities.ReadExcel.Neo4j(): ctdc.utilities.ReadExcel.Neo4j is PASSED

2020-05-08 14:21:05 - [MESSAGE][PASSED] - ctdc.utilities.ReadExcel.Neo4j is PASSED

2020-05-08 14:21:05 - [TEST_STEP][PASSED] - ctdc.utilities.runtestcaseforKatalon.compareLists(): ctdc.utilities.runtestcaseforKatalon.compareLists is PASSED

2020-05-08 14:21:05 - [MESSAGE][PASSED] - ctdc.utilities.runtestcaseforKatalon.compareLists is PASSED

2020-05-08 14:21:07 - [TEST_STEP][PASSED] - Video: Video recording for test case 'Test Cases/StudyType/TC02_Canine_Filter_StudyType-Transcriptomics' .

2020-05-08 14:21:07 - [MESSAGE][INFO] - Video recording for test case 'Test Cases/StudyType/TC02_Canine_Filter_StudyType-Transcriptomics' .
[[ATTACHMENT|C:\\Users\\radhakrishnang2\\Desktop\\DataCommons_Automation\\ICDC_Automation\\Reports\\20200508_141752\\Canine_TestSuite\\20200508_141752/videos\\test_5.avi]]]]></system-out>
         <system-err><![CDATA[]]></system-err>
      </testcase>
      <testcase name="Test Cases/StudyType/TC03_Canine_Filter_StudyType-ALL" time="31.506" classname="Test Cases/StudyType/TC03_Canine_Filter_StudyType-ALL" status="PASSED">
         <system-out><![CDATA[2020-05-08 14:21:07 - [TEST_CASE][PASSED] - Test Cases/StudyType/TC03_Canine_Filter_StudyType-ALL: Test Cases/StudyType/TC03_Canine_Filter_StudyType-ALL

2020-05-08 14:21:07 - [TEST_STEP][PASSED] - openBrowser(""): Browser is opened with url: ''

2020-05-08 14:21:07 - [MESSAGE][WARNING] - A browser is already opened. Closing browser and opening a new one

2020-05-08 14:21:08 - [MESSAGE][INFO] - Starting 'Firefox (headless)' driver

2020-05-08 14:21:11 - [MESSAGE][PASSED] - Browser is opened with url: ''

2020-05-08 14:21:11 - [TEST_STEP][PASSED] - ctdc.utilities.runtestcaseforKatalon.browserDriver(""): ctdc.utilities.runtestcaseforKatalon.browserDriver is PASSED

2020-05-08 14:21:11 - [MESSAGE][PASSED] - ctdc.utilities.runtestcaseforKatalon.browserDriver is PASSED

2020-05-08 14:21:11 - [TEST_STEP][PASSED] - ctdc.utilities.runtestcaseforKatalon.RunKatalon("TC03_Canine_Filter_StudyType-ALL.xlsx"): Data loaded from input file for the test case. 

2020-05-08 14:21:11 - [MESSAGE][PASSED] - Test case file loaded This is the full filepath after converting to string :C:\Users\radhakrishnang2\Desktop\DataCommons_Automation\ICDC_Automation\InputFiles\TC03_Canine_Filter_StudyType-ALL.xlsx

2020-05-08 14:21:11 - [MESSAGE][INFO] - Global variable set for password file is :  C:\Users\radhakrishnang2\Desktop\DataCommons_Automation\ICDC_Automation\InputFiles\TC03_Canine_Filter_StudyType-ALL.xlsx

2020-05-08 14:21:11 - [MESSAGE][PASSED] - Data loaded from input file for the test case. 

2020-05-08 14:21:14 - [TEST_STEP][PASSED] - click(findTestObject("Object Repository/Canine/Canine_Cases_Btn")): Object: 'Object Repository/Canine/Canine_Cases_Btn' is clicked on

2020-05-08 14:21:14 - [MESSAGE][PASSED] - Object: 'Object Repository/Canine/Canine_Cases_Btn' is clicked on

2020-05-08 14:21:14 - [TEST_STEP][PASSED] - click(findTestObject("Canine/Filter/StudyType/Canine_Filter_StudyType")): Object: 'Object Repository/Canine/Filter/StudyType/Canine_Filter_StudyType' is clicked on

2020-05-08 14:21:16 - [MESSAGE][PASSED] - Object: 'Object Repository/Canine/Filter/StudyType/Canine_Filter_StudyType' is clicked on

2020-05-08 14:21:16 - [TEST_STEP][PASSED] - click(findTestObject("Canine/Filter/StudyType/Canine_Filter_StudyType-ClinTrials_Chkbx")): Object: 'Object Repository/Canine/Filter/StudyType/Canine_Filter_StudyType-ClinTrials_Chkbx' is clicked on

2020-05-08 14:21:17 - [MESSAGE][PASSED] - Object: 'Object Repository/Canine/Filter/StudyType/Canine_Filter_StudyType-ClinTrials_Chkbx' is clicked on

2020-05-08 14:21:17 - [TEST_STEP][PASSED] - ctdc.utilities.runtestcaseforKatalon.ReadCasesTableKatalon("Object Repository/Canine/Canine_CasesTable", "Object Repository/Canine/Canine_TableHeader", "Object Repository/Canine/Canine_NextBtn"): ctdc.utilities.runtestcaseforKatalon.ReadCasesTableKatalon is PASSED

2020-05-08 14:21:33 - [MESSAGE][PASSED] - ctdc.utilities.runtestcaseforKatalon.ReadCasesTableKatalon is PASSED

2020-05-08 14:21:33 - [TEST_STEP][PASSED] - ctdc.utilities.ReadExcel.Neo4j(): ctdc.utilities.ReadExcel.Neo4j is PASSED

2020-05-08 14:21:36 - [MESSAGE][PASSED] - ctdc.utilities.ReadExcel.Neo4j is PASSED

2020-05-08 14:21:36 - [TEST_STEP][PASSED] - ctdc.utilities.runtestcaseforKatalon.compareLists(): ctdc.utilities.runtestcaseforKatalon.compareLists is PASSED

2020-05-08 14:21:36 - [MESSAGE][PASSED] - ctdc.utilities.runtestcaseforKatalon.compareLists is PASSED

2020-05-08 14:21:38 - [TEST_STEP][PASSED] - Video: Video recording for test case 'Test Cases/StudyType/TC03_Canine_Filter_StudyType-ALL' .

2020-05-08 14:21:38 - [MESSAGE][INFO] - Video recording for test case 'Test Cases/StudyType/TC03_Canine_Filter_StudyType-ALL' .
[[ATTACHMENT|C:\\Users\\radhakrishnang2\\Desktop\\DataCommons_Automation\\ICDC_Automation\\Reports\\20200508_141752\\Canine_TestSuite\\20200508_141752/videos\\test_6.avi]]]]></system-out>
         <system-err><![CDATA[]]></system-err>
      </testcase>
      <testcase name="Test Cases/TC_Filter_canine_END_TO_END_Sanbox" time="14.337" classname="Test Cases/TC_Filter_canine_END_TO_END_Sanbox" status="PASSED">
         <system-out><![CDATA[2020-05-08 14:21:38 - [TEST_CASE][PASSED] - Test Cases/TC_Filter_canine_END_TO_END_Sanbox: Test Cases/TC_Filter_canine_END_TO_END_Sanbox

2020-05-08 14:21:38 - [TEST_STEP][PASSED] - openBrowser(""): Browser is opened with url: ''

2020-05-08 14:21:38 - [MESSAGE][WARNING] - A browser is already opened. Closing browser and opening a new one

2020-05-08 14:21:40 - [MESSAGE][INFO] - Starting 'Firefox (headless)' driver

2020-05-08 14:21:42 - [MESSAGE][PASSED] - Browser is opened with url: ''

2020-05-08 14:21:42 - [TEST_STEP][PASSED] - ctdc.utilities.runtestcaseforKatalon.browserDriver(""): ctdc.utilities.runtestcaseforKatalon.browserDriver is PASSED

2020-05-08 14:21:42 - [MESSAGE][PASSED] - ctdc.utilities.runtestcaseforKatalon.browserDriver is PASSED

2020-05-08 14:21:42 - [TEST_STEP][PASSED] - ctdc.utilities.runtestcaseforKatalon.RunKatalon("Password_canine.xlsx"): Data loaded from input file for the test case. 

2020-05-08 14:21:42 - [MESSAGE][PASSED] - Test case file loaded This is the full filepath after converting to string :C:\Users\radhakrishnang2\Desktop\DataCommons_Automation\ICDC_Automation\InputFiles\Password_canine.xlsx

2020-05-08 14:21:42 - [MESSAGE][INFO] - Global variable set for password file is :  C:\Users\radhakrishnang2\Desktop\DataCommons_Automation\ICDC_Automation\InputFiles\Password_canine.xlsx

2020-05-08 14:21:42 - [MESSAGE][PASSED] - Data loaded from input file for the test case. 

2020-05-08 14:21:46 - [TEST_STEP][PASSED] - click(findTestObject("Canine/Canine_Cases_Btn")): Object: 'Object Repository/Canine/Canine_Cases_Btn' is clicked on

2020-05-08 14:21:46 - [MESSAGE][PASSED] - Object: 'Object Repository/Canine/Canine_Cases_Btn' is clicked on

2020-05-08 14:21:46 - [TEST_STEP][PASSED] - waitForElementPresent(findTestObject("Canine/Canine_CasesTable"), 5): Object 'Object Repository/Canine/Canine_CasesTable' is present

2020-05-08 14:21:48 - [MESSAGE][PASSED] - Object 'Object Repository/Canine/Canine_CasesTable' is present

2020-05-08 14:21:48 - [TEST_STEP][PASSED] - click(findTestObject("Canine/Canine_SelectAll")): Object: 'Object Repository/Canine/Canine_SelectAll' is clicked on

2020-05-08 14:21:48 - [MESSAGE][PASSED] - Object: 'Object Repository/Canine/Canine_SelectAll' is clicked on

2020-05-08 14:21:48 - [TEST_STEP][PASSED] - click(findTestObject("Canine/Canine_SaveToMycases")): Object: 'Object Repository/Canine/Canine_SaveToMycases' is clicked on

2020-05-08 14:21:48 - [MESSAGE][PASSED] - Object: 'Object Repository/Canine/Canine_SaveToMycases' is clicked on

2020-05-08 14:21:48 - [TEST_STEP][PASSED] - click(findTestObject("Canine/Canine_MyCases")): Object: 'Object Repository/Canine/Canine_MyCases' is clicked on

2020-05-08 14:21:49 - [MESSAGE][PASSED] - Object: 'Object Repository/Canine/Canine_MyCases' is clicked on

2020-05-08 14:21:49 - [TEST_STEP][PASSED] - click(findTestObject("Canine/Canine_GoToFiles")): Object: 'Object Repository/Canine/Canine_GoToFiles' is clicked on

2020-05-08 14:21:49 - [MESSAGE][PASSED] - Object: 'Object Repository/Canine/Canine_GoToFiles' is clicked on

2020-05-08 14:21:49 - [TEST_STEP][PASSED] - click(findTestObject("Canine/Canine_SelectAll")): Object: 'Object Repository/Canine/Canine_SelectAll' is clicked on

2020-05-08 14:21:50 - [MESSAGE][PASSED] - Object: 'Object Repository/Canine/Canine_SelectAll' is clicked on

2020-05-08 14:21:50 - [TEST_STEP][PASSED] - click(findTestObject("Canine/Canine_DownloadManifest")): Object: 'Object Repository/Canine/Canine_DownloadManifest' is clicked on

2020-05-08 14:21:50 - [MESSAGE][PASSED] - Object: 'Object Repository/Canine/Canine_DownloadManifest' is clicked on

2020-05-08 14:21:52 - [TEST_STEP][PASSED] - Video: Video recording for test case 'Test Cases/TC_Filter_canine_END_TO_END_Sanbox' .

2020-05-08 14:21:52 - [MESSAGE][INFO] - Video recording for test case 'Test Cases/TC_Filter_canine_END_TO_END_Sanbox' .
[[ATTACHMENT|C:\\Users\\radhakrishnang2\\Desktop\\DataCommons_Automation\\ICDC_Automation\\Reports\\20200508_141752\\Canine_TestSuite\\20200508_141752/videos\\test_7.avi]]]]></system-out>
         <system-err><![CDATA[]]></system-err>
      </testcase>
      <testcase name="Test Cases/TC_Filter_canine_END_TO_END_TWOCASES_Sanbox" time="13.538" classname="Test Cases/TC_Filter_canine_END_TO_END_TWOCASES_Sanbox" status="PASSED">
         <system-out><![CDATA[2020-05-08 14:21:52 - [TEST_CASE][PASSED] - Test Cases/TC_Filter_canine_END_TO_END_TWOCASES_Sanbox: Test Cases/TC_Filter_canine_END_TO_END_TWOCASES_Sanbox

2020-05-08 14:21:53 - [TEST_STEP][PASSED] - openBrowser(""): Browser is opened with url: ''

2020-05-08 14:21:53 - [MESSAGE][WARNING] - A browser is already opened. Closing browser and opening a new one

2020-05-08 14:21:54 - [MESSAGE][INFO] - Starting 'Firefox (headless)' driver

2020-05-08 14:21:57 - [MESSAGE][PASSED] - Browser is opened with url: ''

2020-05-08 14:21:57 - [TEST_STEP][PASSED] - ctdc.utilities.runtestcaseforKatalon.browserDriver(""): ctdc.utilities.runtestcaseforKatalon.browserDriver is PASSED

2020-05-08 14:21:57 - [MESSAGE][PASSED] - ctdc.utilities.runtestcaseforKatalon.browserDriver is PASSED

2020-05-08 14:21:57 - [TEST_STEP][PASSED] - ctdc.utilities.runtestcaseforKatalon.RunKatalon("Password_canine.xlsx"): Data loaded from input file for the test case. 

2020-05-08 14:21:57 - [MESSAGE][PASSED] - Test case file loaded This is the full filepath after converting to string :C:\Users\radhakrishnang2\Desktop\DataCommons_Automation\ICDC_Automation\InputFiles\Password_canine.xlsx

2020-05-08 14:21:57 - [MESSAGE][INFO] - Global variable set for password file is :  C:\Users\radhakrishnang2\Desktop\DataCommons_Automation\ICDC_Automation\InputFiles\Password_canine.xlsx

2020-05-08 14:21:57 - [MESSAGE][PASSED] - Data loaded from input file for the test case. 

2020-05-08 14:22:00 - [TEST_STEP][PASSED] - click(findTestObject("Canine/Canine_Cases_Btn")): Object: 'Object Repository/Canine/Canine_Cases_Btn' is clicked on

2020-05-08 14:22:00 - [MESSAGE][PASSED] - Object: 'Object Repository/Canine/Canine_Cases_Btn' is clicked on

2020-05-08 14:22:00 - [TEST_STEP][PASSED] - waitForElementPresent(findTestObject("Canine/Canine_CasesTable"), 5): Object 'Object Repository/Canine/Canine_CasesTable' is present

2020-05-08 14:22:02 - [MESSAGE][PASSED] - Object 'Object Repository/Canine/Canine_CasesTable' is present

2020-05-08 14:22:02 - [TEST_STEP][PASSED] - click(findTestObject("Canine/Filter/StudyType/Canine_Filter_StudyType")): Object: 'Object Repository/Canine/Filter/StudyType/Canine_Filter_StudyType' is clicked on

2020-05-08 14:22:02 - [MESSAGE][PASSED] - Object: 'Object Repository/Canine/Filter/StudyType/Canine_Filter_StudyType' is clicked on

2020-05-08 14:22:02 - [TEST_STEP][PASSED] - click(findTestObject("Canine/Filter/StudyType/Canine_Filter_StudyType-Transcrip_Chkbx")): Object: 'Object Repository/Canine/Filter/StudyType/Canine_Filter_StudyType-Transcrip_Chkbx' is clicked on

2020-05-08 14:22:03 - [MESSAGE][PASSED] - Object: 'Object Repository/Canine/Filter/StudyType/Canine_Filter_StudyType-Transcrip_Chkbx' is clicked on

2020-05-08 14:22:03 - [TEST_STEP][PASSED] - ctdc.utilities.runtestcaseforKatalon.Select_case_checkbox("NCATS-COP01CCB010072", "one"): ctdc.utilities.runtestcaseforKatalon.Select_case_checkbox is PASSED

2020-05-08 14:22:03 - [MESSAGE][PASSED] - ctdc.utilities.runtestcaseforKatalon.Select_case_checkbox is PASSED

2020-05-08 14:22:03 - [TEST_STEP][PASSED] - waitForElementPresent(findTestObject("Canine/Canine_SaveToMycases"), 0): Object 'Object Repository/Canine/Canine_SaveToMycases' is present

2020-05-08 14:22:03 - [MESSAGE][WARNING] - Timeout '0' is invalid. Using default page load timeout: '30'

2020-05-08 14:22:03 - [MESSAGE][PASSED] - Object 'Object Repository/Canine/Canine_SaveToMycases' is present

2020-05-08 14:22:03 - [TEST_STEP][PASSED] - click(findTestObject("Canine/Canine_SaveToMycases")): Object: 'Object Repository/Canine/Canine_SaveToMycases' is clicked on

2020-05-08 14:22:03 - [MESSAGE][PASSED] - Object: 'Object Repository/Canine/Canine_SaveToMycases' is clicked on

2020-05-08 14:22:03 - [TEST_STEP][PASSED] - click(findTestObject("Canine/Canine_MyCases")): Object: 'Object Repository/Canine/Canine_MyCases' is clicked on

2020-05-08 14:22:03 - [MESSAGE][PASSED] - Object: 'Object Repository/Canine/Canine_MyCases' is clicked on

2020-05-08 14:22:03 - [TEST_STEP][PASSED] - click(findTestObject("Canine/Canine_GoToFiles")): Object: 'Object Repository/Canine/Canine_GoToFiles' is clicked on

2020-05-08 14:22:04 - [MESSAGE][PASSED] - Object: 'Object Repository/Canine/Canine_GoToFiles' is clicked on

2020-05-08 14:22:04 - [TEST_STEP][PASSED] - click(findTestObject("Canine/Canine_SelectAll")): Object: 'Object Repository/Canine/Canine_SelectAll' is clicked on

2020-05-08 14:22:04 - [MESSAGE][PASSED] - Object: 'Object Repository/Canine/Canine_SelectAll' is clicked on

2020-05-08 14:22:06 - [TEST_STEP][PASSED] - Video: Video recording for test case 'Test Cases/TC_Filter_canine_END_TO_END_TWOCASES_Sanbox' .

2020-05-08 14:22:06 - [MESSAGE][INFO] - Video recording for test case 'Test Cases/TC_Filter_canine_END_TO_END_TWOCASES_Sanbox' .
[[ATTACHMENT|C:\\Users\\radhakrishnang2\\Desktop\\DataCommons_Automation\\ICDC_Automation\\Reports\\20200508_141752\\Canine_TestSuite\\20200508_141752/videos\\test_8.avi]]]]></system-out>
         <system-err><![CDATA[]]></system-err>
      </testcase>
      <system-out><![CDATA[2020-05-08 14:17:59 - [TEST_SUITE][PASSED] - Canine_TestSuite: Test Cases/TC_Filter_canine_END_TO_END_TWOCASES_Sanbox]]></system-out>
      <system-err><![CDATA[]]></system-err>
   </testsuite>
</testsuites>
